0 info it worked if it ends with ok
1 verbose cli [ '/usr/local/Cellar/node/4.1.1/bin/node',
1 verbose cli   '/usr/local/bin/npm',
1 verbose cli   'install',
1 verbose cli   'meowify',
1 verbose cli   '--save' ]
2 info using npm@3.3.9
3 info using node@v4.1.1
4 silly loadCurrentTree Starting
5 silly install loadCurrentTree
6 silly install readLocalPackageData
7 silly fetchPackageMetaData meowify
8 silly fetchNamedPackageData meowify
9 silly mapToRegistry name meowify
10 silly mapToRegistry using default registry
11 silly mapToRegistry registry https://registry.npmjs.org/
12 silly mapToRegistry uri https://registry.npmjs.org/meowify
13 verbose request uri https://registry.npmjs.org/meowify
14 verbose request no auth needed
15 info attempt registry request try #1 at 3:52:52 PM
16 verbose request using bearer token for auth
17 verbose request id edd4a41e4a591227
18 verbose etag "25FM60E46L5I8ZA6A6O9RCAOR"
19 http request GET https://registry.npmjs.org/meowify
20 http 304 https://registry.npmjs.org/meowify
21 verbose headers { 'cache-control': 'max-age=60',
21 verbose headers   'accept-ranges': 'bytes',
21 verbose headers   date: 'Wed, 28 Oct 2015 19:52:51 GMT',
21 verbose headers   via: '1.1 varnish',
21 verbose headers   connection: 'keep-alive',
21 verbose headers   'x-served-by': 'cache-ord1720-ORD',
21 verbose headers   'x-cache': 'MISS',
21 verbose headers   'x-cache-hits': '0',
21 verbose headers   'x-timer': 'S1446061971.923862,VS0,VE69' }
22 silly get cb [ 304,
22 silly get   { 'cache-control': 'max-age=60',
22 silly get     'accept-ranges': 'bytes',
22 silly get     date: 'Wed, 28 Oct 2015 19:52:51 GMT',
22 silly get     via: '1.1 varnish',
22 silly get     connection: 'keep-alive',
22 silly get     'x-served-by': 'cache-ord1720-ORD',
22 silly get     'x-cache': 'MISS',
22 silly get     'x-cache-hits': '0',
22 silly get     'x-timer': 'S1446061971.923862,VS0,VE69' } ]
23 verbose etag https://registry.npmjs.org/meowify from cache
24 verbose get saving meowify to /Users/zac/.npm/registry.npmjs.org/meowify/.cache.json
25 silly install normalizeTree
26 silly loadCurrentTree Finishing
27 silly loadIdealTree Starting
28 silly install loadIdealTree
29 silly cloneCurrentTree Starting
30 silly install cloneCurrentTreeToIdealTree
31 silly cloneCurrentTree Finishing
32 silly loadShrinkwrap Starting
33 silly install loadShrinkwrap
34 silly loadShrinkwrap Finishing
35 silly loadAllDepsIntoIdealTree Starting
36 silly install loadAllDepsIntoIdealTree
37 silly rollbackFailedOptional Starting
38 silly rollbackFailedOptional Finishing
39 silly runTopLevelLifecycles Starting
40 silly runTopLevelLifecycles Finishing
41 silly install printInstalled
42 verbose stack Error: Refusing to install meowify as a dependency of itself
42 verbose stack     at checkSelf (/usr/local/lib/node_modules/npm/lib/install/validate-args.js:40:14)
42 verbose stack     at Array.<anonymous> (/usr/local/lib/node_modules/npm/node_modules/slide/lib/bind-actor.js:15:8)
42 verbose stack     at LOOP (/usr/local/lib/node_modules/npm/node_modules/slide/lib/chain.js:15:14)
42 verbose stack     at chain (/usr/local/lib/node_modules/npm/node_modules/slide/lib/chain.js:20:5)
42 verbose stack     at /usr/local/lib/node_modules/npm/lib/install/validate-args.js:15:5
42 verbose stack     at /usr/local/lib/node_modules/npm/node_modules/slide/lib/async-map.js:52:35
42 verbose stack     at Array.forEach (native)
42 verbose stack     at /usr/local/lib/node_modules/npm/node_modules/slide/lib/async-map.js:52:11
42 verbose stack     at Array.forEach (native)
42 verbose stack     at asyncMap (/usr/local/lib/node_modules/npm/node_modules/slide/lib/async-map.js:51:8)
43 verbose cwd /Users/zac/Desktop/projects/meowify
44 error Darwin 14.5.0
45 error argv "/usr/local/Cellar/node/4.1.1/bin/node" "/usr/local/bin/npm" "install" "meowify" "--save"
46 error node v4.1.1
47 error npm  v3.3.9
48 error code ENOSELF
49 error Refusing to install meowify as a dependency of itself
50 error If you need help, you may report this error at:
50 error     <https://github.com/npm/npm/issues>
51 verbose exit [ 1, true ]
